Graded Commit:af05c4020cbd68a7fe4e7896cd2f4a995237a437


[----] Criterion v2.4.2
[====] Running 18 tests from basecode_suite:
[RUN ] basecode_suite::free_coalesce
[PASS] basecode_suite::free_coalesce: (0.00s)
[RUN ] basecode_suite::free_coalesce_alt
[----] tests/sfmm_tests_alt.c:66: Unexpected signal caught below this line!
[FAIL] basecode_suite::free_coalesce_alt: CRASH!
[RUN ] basecode_suite::free_no_coalesce
[PASS] basecode_suite::free_no_coalesce: (0.00s)
[RUN ] basecode_suite::free_no_coalesce_alt
[----] tests/sfmm_tests_alt.c:49: Unexpected signal caught below this line!
[FAIL] basecode_suite::free_no_coalesce_alt: CRASH!
[RUN ] basecode_suite::freelist
[PASS] basecode_suite::freelist: (0.00s)
[RUN ] basecode_suite::freelist_alt
[----] tests/sfmm_tests_alt.c:84: Unexpected signal caught below this line!
[FAIL] basecode_suite::freelist_alt: CRASH!
[RUN ] basecode_suite::malloc_an_int
[PASS] basecode_suite::malloc_an_int: (0.00s)
[RUN ] basecode_suite::malloc_an_int_alt
[----] tests/__grading_helpers.c:177: Assertion Failed
[----]   
[----]   Wrong number of free blocks (exp=1, found=3)
[----]   
[FAIL] basecode_suite::malloc_an_int_alt: (0.00s)
[RUN ] basecode_suite::malloc_four_pages
[PASS] basecode_suite::malloc_four_pages: (0.00s)
[RUN ] basecode_suite::malloc_four_pages_alt
[----] tests/__grading_helpers.c:177: Assertion Failed
[----]   
[----]   Wrong number of free blocks (exp=0, found=3)
[----]   
[FAIL] basecode_suite::malloc_four_pages_alt: (0.00s)
[RUN ] basecode_suite::malloc_too_large
[PASS] basecode_suite::malloc_too_large: (0.00s)
[RUN ] basecode_suite::malloc_too_large_alt
[----] tests/__grading_helpers.c:177: Assertion Failed
[----]   
[----]   Wrong number of free blocks (exp=1, found=3)
[----]   
[FAIL] basecode_suite::malloc_too_large_alt: (0.00s)
[RUN ] basecode_suite::realloc_larger_block
[PASS] basecode_suite::realloc_larger_block: (0.00s)
[RUN ] basecode_suite::realloc_larger_block_alt
[----] tests/sfmm_tests_alt.c:115: Assertion Failed
[----]   
[----]   x is NULL!
[----]   
[FAIL] basecode_suite::realloc_larger_block_alt: (0.00s)
[RUN ] basecode_suite::realloc_smaller_block_free_block
[PASS] basecode_suite::realloc_smaller_block_free_block: (0.00s)
[RUN ] basecode_suite::realloc_smaller_block_free_block_alt
[----] tests/sfmm_tests_alt.c:151: Assertion Failed
[----]   
[----]   y is NULL!
[----]   
[FAIL] basecode_suite::realloc_smaller_block_free_block_alt: (0.00s)
[RUN ] basecode_suite::realloc_smaller_block_splinter
[PASS] basecode_suite::realloc_smaller_block_splinter: (0.00s)
[RUN ] basecode_suite::realloc_smaller_block_splinter_alt
[----] tests/sfmm_tests_alt.c:132: Assertion Failed
[----]   
[----]   y is NULL!
[----]   
[FAIL] basecode_suite::realloc_smaller_block_splinter_alt: (0.00s)
[====] Running 8 tests from illegal_pointer_suite:
[RUN ] illegal_pointer_suite::free_block_too_small
[PASS] illegal_pointer_suite::free_block_too_small: (0.00s)
[RUN ] illegal_pointer_suite::free_block_too_small_alt
[PASS] illegal_pointer_suite::free_block_too_small_alt: (0.00s)
[RUN ] illegal_pointer_suite::free_null
[PASS] illegal_pointer_suite::free_null: (0.00s)
[RUN ] illegal_pointer_suite::free_null_alt
[PASS] illegal_pointer_suite::free_null_alt: (0.00s)
[RUN ] illegal_pointer_suite::free_prev_alloc
[----] tests/grading_tests_p2.c:206: Assertion Failed
[----]   
[----]   SIGABRT should have been received
[----]   
[FAIL] illegal_pointer_suite::free_prev_alloc: (0.00s)
[RUN ] illegal_pointer_suite::free_prev_alloc_alt
[PASS] illegal_pointer_suite::free_prev_alloc_alt: (0.00s)
[RUN ] illegal_pointer_suite::free_unallocated
[PASS] illegal_pointer_suite::free_unallocated: (0.00s)
[RUN ] illegal_pointer_suite::free_unallocated_alt
[PASS] illegal_pointer_suite::free_unallocated_alt: (0.00s)
[====] Running 2 tests from initialization_suite:
[RUN ] initialization_suite::initialization
[PASS] initialization_suite::initialization: (0.00s)
[RUN ] initialization_suite::initialization_alt
[----] tests/__grading_helpers.c:77: Assertion Failed
[----]   
[----]   Block size is invalid for 0x57e3deb8ddd8. Got: 0
[----]   
[FAIL] initialization_suite::initialization_alt: (0.00s)
[====] Running 2 tests from lifo_suite:
[RUN ] lifo_suite::malloc_free_lifo
[----] tests/grading_tests_p2.c:47: Assertion Failed
[----]   
[----]   malloc/free does not follow LIFO discipline
[----]   
[FAIL] lifo_suite::malloc_free_lifo: (0.00s)
[RUN ] lifo_suite::malloc_free_lifo_alt
[----] tests/grading_tests_p2_alt.c:13: Unexpected signal caught below this line!
[FAIL] lifo_suite::malloc_free_lifo_alt: CRASH!
[====] Running 12 tests from malloc_free_suite:
[RUN ] malloc_free_suite::coalesce_both
[PASS] malloc_free_suite::coalesce_both: (0.00s)
[RUN ] malloc_free_suite::coalesce_both_alt
[----] tests/grading_tests_p1_alt.c:185: Unexpected signal caught below this line!
[FAIL] malloc_free_suite::coalesce_both_alt: CRASH!
[RUN ] malloc_free_suite::coalesce_lower
[PASS] malloc_free_suite::coalesce_lower: (0.00s)
[RUN ] malloc_free_suite::coalesce_lower_alt
[----] tests/grading_tests_p1_alt.c:135: Unexpected signal caught below this line!
[FAIL] malloc_free_suite::coalesce_lower_alt: CRASH!
[RUN ] malloc_free_suite::coalesce_upper
[PASS] malloc_free_suite::coalesce_upper: (0.00s)
[RUN ] malloc_free_suite::coalesce_upper_alt
[----] tests/grading_tests_p1_alt.c:160: Unexpected signal caught below this line!
[FAIL] malloc_free_suite::coalesce_upper_alt: CRASH!
[RUN ] malloc_free_suite::first_block
[PASS] malloc_free_suite::first_block: (0.00s)
[RUN ] malloc_free_suite::first_block_alt
[----] tests/grading_tests_p1_alt.c:209: Unexpected signal caught below this line!
[FAIL] malloc_free_suite::first_block_alt: CRASH!
[RUN ] malloc_free_suite::last_block
[PASS] malloc_free_suite::last_block: (0.00s)
[RUN ] malloc_free_suite::last_block_alt
[----] tests/grading_tests_p1_alt.c:226: Unexpected signal caught below this line!
[FAIL] malloc_free_suite::last_block_alt: CRASH!
[RUN ] malloc_free_suite::no_coalesce
[PASS] malloc_free_suite::no_coalesce: (0.00s)
[RUN ] malloc_free_suite::no_coalesce_alt
[----] tests/grading_tests_p1_alt.c:117: Unexpected signal caught below this line!
[FAIL] malloc_free_suite::no_coalesce_alt: CRASH!
[====] Running 10 tests from memalign_suite:
[RUN ] memalign_suite::test_1a
[PASS] memalign_suite::test_1a: (0.00s)
[RUN ] memalign_suite::test_1a_alt
[PASS] memalign_suite::test_1a_alt: (0.00s)
[RUN ] memalign_suite::test_1b
[PASS] memalign_suite::test_1b: (0.00s)
[RUN ] memalign_suite::test_1b_alt
[PASS] memalign_suite::test_1b_alt: (0.00s)
[RUN ] memalign_suite::test_1c
[PASS] memalign_suite::test_1c: (0.00s)
[RUN ] memalign_suite::test_1c_alt
[PASS] memalign_suite::test_1c_alt: (0.00s)
[RUN ] memalign_suite::test_2
[PASS] memalign_suite::test_2: (0.00s)
[RUN ] memalign_suite::test_2_alt
[PASS] memalign_suite::test_2_alt: (0.00s)
[RUN ] memalign_suite::test_3
[PASS] memalign_suite::test_3: (0.00s)
[RUN ] memalign_suite::test_3_alt
[----] tests/__grading_helpers.c:77: Assertion Failed
[----]   
[----]   Block size is invalid for 0x609e8a8a3d18. Got: 0
[----]   
[FAIL] memalign_suite::test_3_alt: (0.00s)
[====] Running 12 tests from realloc_suite:
[RUN ] realloc_suite::realloc_larger
[PASS] realloc_suite::realloc_larger: (0.00s)
[RUN ] realloc_suite::realloc_larger_alt
[----] tests/__grading_helpers.c:142: Assertion Failed
[----]   
[----]   Payload pointer should not be NULL
[----]   
[FAIL] realloc_suite::realloc_larger_alt: (0.00s)
[RUN ] realloc_suite::realloc_preserves_payload
[PASS] realloc_suite::realloc_preserves_payload: (0.00s)
[RUN ] realloc_suite::realloc_preserves_payload_alt
[----] tests/__grading_helpers.c:142: Assertion Failed
[----]   
[----]   Payload pointer should not be NULL
[----]   
[FAIL] realloc_suite::realloc_preserves_payload_alt: (0.00s)
[RUN ] realloc_suite::realloc_same
[PASS] realloc_suite::realloc_same: (0.00s)
[RUN ] realloc_suite::realloc_same_alt
[----] tests/__grading_helpers.c:142: Assertion Failed
[----]   
[----]   Payload pointer should not be NULL
[----]   
[FAIL] realloc_suite::realloc_same_alt: (0.00s)
[RUN ] realloc_suite::realloc_size_0
[PASS] realloc_suite::realloc_size_0: (0.00s)
[RUN ] realloc_suite::realloc_size_0_alt
[----] tests/__grading_helpers.c:126: Assertion Failed
[----]   
[----]   Block 0x603279b3b5e8 has wrong allocation status (got 1, expected 0)
[----]   
[FAIL] realloc_suite::realloc_size_0_alt: (0.00s)
[RUN ] realloc_suite::realloc_smaller
[PASS] realloc_suite::realloc_smaller: (0.00s)
[RUN ] realloc_suite::realloc_smaller_alt
[----] tests/__grading_helpers.c:142: Assertion Failed
[----]   
[----]   Payload pointer should not be NULL
[----]   
[FAIL] realloc_suite::realloc_smaller_alt: (0.00s)
[RUN ] realloc_suite::realloc_splinter
[PASS] realloc_suite::realloc_splinter: (0.00s)
[RUN ] realloc_suite::realloc_splinter_alt
[----] tests/__grading_helpers.c:142: Assertion Failed
[----]   
[----]   Payload pointer should not be NULL
[----]   
[FAIL] realloc_suite::realloc_splinter_alt: (0.00s)
[====] Running 16 tests from single_malloc_suite:
[RUN ] single_malloc_suite::exactly_one_page
[PASS] single_malloc_suite::exactly_one_page: (0.00s)
[RUN ] single_malloc_suite::exactly_one_page_alt
[----] tests/__grading_helpers.c:77: Assertion Failed
[----]   
[----]   Block size is invalid for 0x5aea05825d78. Got: 0
[----]   
[FAIL] single_malloc_suite::exactly_one_page_alt: (0.01s)
[RUN ] single_malloc_suite::malloc_1
[PASS] single_malloc_suite::malloc_1: (0.00s)
[RUN ] single_malloc_suite::malloc_16
[PASS] single_malloc_suite::malloc_16: (0.00s)
[RUN ] single_malloc_suite::malloc_16_alt
[----] tests/__grading_helpers.c:77: Assertion Failed
[----]   
[----]   Block size is invalid for 0x6342525d0d18. Got: 0
[----]   
[FAIL] single_malloc_suite::malloc_16_alt: (0.00s)
[RUN ] single_malloc_suite::malloc_1_alt
[----] tests/__grading_helpers.c:77: Assertion Failed
[----]   
[----]   Block size is invalid for 0x5d92441b2d18. Got: 0
[----]   
[FAIL] single_malloc_suite::malloc_1_alt: (0.00s)
[RUN ] single_malloc_suite::malloc_32
[PASS] single_malloc_suite::malloc_32: (0.00s)
[RUN ] single_malloc_suite::malloc_32_alt
[----] tests/__grading_helpers.c:77: Assertion Failed
[----]   
[----]   Block size is invalid for 0x5ce68803ed18. Got: 0
[----]   
[FAIL] single_malloc_suite::malloc_32_alt: (0.00s)
[RUN ] single_malloc_suite::malloc_max
[PASS] single_malloc_suite::malloc_max: (0.00s)
[RUN ] single_malloc_suite::malloc_max_alt
[----] tests/__grading_helpers.c:93: Assertion Failed
[----]   
[----]   Allocated block at 0x64bf41a6b558 is also in the free list
[----]   
[FAIL] single_malloc_suite::malloc_max_alt: (0.00s)
[RUN ] single_malloc_suite::more_than_one_page
[PASS] single_malloc_suite::more_than_one_page: (0.00s)
[RUN ] single_malloc_suite::more_than_one_page_alt
[----] tests/__grading_helpers.c:93: Assertion Failed
[----]   
[----]   Allocated block at 0x616f3810b5b8 is also in the free list
[----]   
[FAIL] single_malloc_suite::more_than_one_page_alt: (0.00s)
[RUN ] single_malloc_suite::splinter
[PASS] single_malloc_suite::splinter: (0.00s)
[RUN ] single_malloc_suite::splinter_alt
[----] tests/__grading_helpers.c:77: Assertion Failed
[----]   
[----]   Block size is invalid for 0x613bc8872d18. Got: 0
[----]   
[FAIL] single_malloc_suite::splinter_alt: (0.00s)
[RUN ] single_malloc_suite::three_pages
[PASS] single_malloc_suite::three_pages: (0.00s)
[RUN ] single_malloc_suite::three_pages_alt
[----] tests/__grading_helpers.c:93: Assertion Failed
[----]   
[----]   Allocated block at 0x5af40d830558 is also in the free list
[----]   
[FAIL] single_malloc_suite::three_pages_alt: (0.01s)
[====] Running 4 tests from stress_suite:
[RUN ] stress_suite::malloc_to_exhaustion
[PASS] stress_suite::malloc_to_exhaustion: (0.00s)
[RUN ] stress_suite::malloc_to_exhaustion_alt
[----] tests/grading_tests_p1_alt.c:291: Assertion Failed
[----]   
[----]   Allocation succeeded, but heap should be exhausted.
[----]   
[FAIL] stress_suite::malloc_to_exhaustion_alt: (0.00s)
[RUN ] stress_suite::stress_test
[PASS] stress_suite::stress_test: (0.00s)
[RUN ] stress_suite::stress_test_alt
[----] tests/grading_tests_p2_alt.c:212: Unexpected signal caught below this line!
[FAIL] stress_suite::stress_test_alt: CRASH!
[----] Writing xml report in `crit.xml`.
[====] Synthesis: Tested: 84 | Passing: 48 | Failing: 36 | Crashing: 11 
